<?xml version="1.0" encoding="UTF-8"?>
<!-- Generated by org.testng.reporters.JUnitXMLReporter -->
<testsuite ignored="0" hostname="PSP" failures="0" tests="7" name="Test" time="30.321" errors="0" timestamp="2021-07-06T22:43:49 IST">
  <testcase classname="org.test.groww.TestHomePageContentPrint" name="verifyStocksInNews" time="1.765"/>
  <testcase classname="org.test.groww.TestHomePageContentPrint" name="verifyTopGainers" time="1.659"/>
  <testcase classname="org.test.groww.TestHomePageContentPrint" name="verifyTopLosers" time="1.496"/>
  <testcase classname="org.test.groww.TestHomePageContentPrint" name="verifytopSectorValOnly" time="1.476"/>
  <testcase classname="org.test.groww.TestLoginPageContent" name="verifygetStartedButton" time="0.117"/>
  <testcase classname="org.test.groww.TestLoginPageContent" name="verifyLoginButton" time="0.161"/>
  <testcase classname="org.test.groww.TestLoginPageContent" name="verifyLoginFunctionality" time="3.487"/>
</testsuite> <!-- Test -->
