<?xml version="1.0" encoding="UTF-8"?>
<!-- Generated by org.testng.reporters.JUnitXMLReporter -->
<testsuite ignored="0" hostname="PSP" failures="0" tests="6" name="Test2" time="47.129" errors="0" timestamp="2021-07-06T23:06:43 IST">
  <testcase classname="org.test.groww.TestHomePageContentPrint" name="verifyStocksInNews" time="2.06"/>
  <testcase classname="org.test.groww.TestLoginPageContent" name="verifygetStartedButton" time="0.321"/>
  <testcase classname="org.test.groww.TestLoginPageContent" name="verifyLoginButton" time="0.387"/>
  <testcase classname="org.test.groww.TestHomePageContentPrint" name="verifyTopGainers" time="2.575"/>
  <testcase classname="org.test.groww.TestLoginPageContent" name="verifyLoginFunctionality" time="3.48"/>
  <testcase classname="org.test.groww.TestHomePageContentPrint" name="verifyTopLosers" time="2.343"/>
</testsuite> <!-- Test2 -->
