<?xml version="1.0" encoding="UTF-8"?>
<!-- Generated by org.testng.reporters.JUnitXMLReporter -->
<testsuite ignored="0" hostname="PSP" failures="0" tests="6" name="Test1" time="28.832" errors="0" timestamp="2021-07-06T23:16:54 IST">
  <testcase classname="org.test.groww.TestLoginPageContent" name="verifygetStartedButton" time="0.235"/>
  <testcase classname="org.test.groww.TestLoginPageContent" name="verifyLoginButton" time="0.365"/>
  <testcase classname="org.test.groww.TestHomePageContentPrint" name="verifyStocksInNews" time="5.239"/>
  <testcase classname="org.test.groww.TestLoginPageContent" name="verifyLoginFunctionality" time="2.766"/>
  <testcase classname="org.test.groww.TestHomePageContentPrint" name="verifyTopGainers" time="3.098"/>
  <testcase classname="org.test.groww.TestHomePageContentPrint" name="verifyTopLosers" time="1.899"/>
</testsuite> <!-- Test1 -->
